-------------------------------------------------------------------------------
Test set: technogijon.StoreTest
-------------------------------------------------------------------------------
Tests run: 5, Failures: 1, Errors: 0, Skipped: 0, Time elapsed: 0.05 s <<< FAILURE! - in technogijon.StoreTest
technogijon.StoreTest.testStoreNameOwnerAndTaxId  Time elapsed: 0.008 s  <<< FAILURE!
org.opentest4j.AssertionFailedError: The store's tax ID should be 123456789. ==> expected: <123456789> but was: <12345678A>
	at technogijon.StoreTest.testStoreNameOwnerAndTaxId(StoreTest.java:76)

